# JRE version: Java(TM) SE Runtime Environment (8.0_102-b14) (build 1.8.0_102-b14)
# Java VM: Java HotSpot(TM) 64-Bit Server VM (25.102-b14 mixed mode bsd-amd64 compressed oops)
Heap:
 PSYoungGen      total 733184K, used 21966K [0x000000076ab00000, 0x000000079a500000, 0x00000007c0000000)
  eden space 689152K, 3% used [0x000000076ab00000,0x000000076c073800,0x0000000794c00000)
  from space 44032K, 0% used [0x0000000797a00000,0x0000000797a00000,0x000000079a500000)
  to   space 45568K, 0% used [0x0000000794c00000,0x0000000794c00000,0x0000000797880000)
 ParOldGen       total 271360K, used 66906K [0x00000006c0000000, 0x00000006d0900000, 0x000000076ab00000)
  object space 271360K, 24% used [0x00000006c0000000,0x00000006c4156a88,0x00000006d0900000)
 Metaspace       used 78684K, capacity 80292K, committed 80560K, reserved 1118208K
  class space    used 10511K, capacity 10890K, committed 10928K, reserved 1048576K
GC Heap History (10 events):
Event: 41.711 GC heap before
{Heap before GC invocations=14 (full 2):
 PSYoungGen      total 463872K, used 190983K [0x000000076ab00000, 0x0000000790180000, 0x00000007c0000000)
  eden space 435712K, 37% used [0x000000076ab00000,0x0000000774a08758,0x0000000785480000)
  from space 28160K, 99% used [0x0000000785480000,0x0000000786ff9720,0x0000000787000000)
  to   space 39424K, 0% used [0x000000078db00000,0x000000078db00000,0x0000000790180000)
 ParOldGen       total 199168K, used 59223K [0x00000006c0000000, 0x00000006cc280000, 0x000000076ab00000)
  object space 199168K, 29% used [0x00000006c0000000,0x00000006c39d5de0,0x00000006cc280000)
 Metaspace       used 57577K, capacity 59090K, committed 59160K, reserved 1101824K
  class space    used 6970K, capacity 7336K, committed 7344K, reserved 1048576K
Event: 41.734 GC heap after
Heap after GC invocations=14 (full 2):
 PSYoungGen      total 570880K, used 31259K [0x000000076ab00000, 0x0000000792300000, 0x00000007c0000000)
  eden space 531456K, 0% used [0x000000076ab00000,0x000000076ab00000,0x000000078b200000)
  from space 39424K, 79% used [0x000000078db00000,0x000000078f986ff8,0x0000000790180000)
  to   space 41984K, 0% used [0x000000078b200000,0x000000078b200000,0x000000078db00000)
 ParOldGen       total 199168K, used 59231K [0x00000006c0000000, 0x00000006cc280000, 0x000000076ab00000)
  object space 199168K, 29% used [0x00000006c0000000,0x00000006c39d7de0,0x00000006cc280000)
 Metaspace       used 57577K, capacity 59090K, committed 59160K, reserved 1101824K
  class space    used 6970K, capacity 7336K, committed 7344K, reserved 1048576K
}
Event: 41.734 GC heap before
{Heap before GC invocations=15 (full 3):
 PSYoungGen      total 570880K, used 31259K [0x000000076ab00000, 0x0000000792300000, 0x00000007c0000000)
  eden space 531456K, 0% used [0x000000076ab00000,0x000000076ab00000,0x000000078b200000)
  from space 39424K, 79% used [0x000000078db00000,0x000000078f986ff8,0x0000000790180000)
  to   space 41984K, 0% used [0x000000078b200000,0x000000078b200000,0x000000078db00000)
 ParOldGen       total 199168K, used 59231K [0x00000006c0000000, 0x00000006cc280000, 0x000000076ab00000)
  object space 199168K, 29% used [0x00000006c0000000,0x00000006c39d7de0,0x00000006cc280000)
 Metaspace       used 57577K, capacity 59090K, committed 59160K, reserved 1101824K
  class space    used 6970K, capacity 7336K, committed 7344K, reserved 1048576K
Event: 42.006 GC heap after
Heap after GC invocations=15 (full 3):
 PSYoungGen      total 570880K, used 0K [0x000000076ab00000, 0x0000000792300000, 0x00000007c0000000)
  eden space 531456K, 0% used [0x000000076ab00000,0x000000076ab00000,0x000000078b200000)
  from space 39424K, 0% used [0x000000078db00000,0x000000078db00000,0x0000000790180000)
  to   space 41984K, 0% used [0x000000078b200000,0x000000078b200000,0x000000078db00000)
 ParOldGen       total 271360K, used 62910K [0x00000006c0000000, 0x00000006d0900000, 0x000000076ab00000)
  object space 271360K, 23% used [0x00000006c0000000,0x00000006c3d6fab8,0x00000006d0900000)
 Metaspace       used 57256K, capacity 58512K, committed 59160K, reserved 1101824K
  class space    used 6931K, capacity 7246K, committed 7344K, reserved 1048576K
}
Event: 45.999 GC heap before
{Heap before GC invocations=16 (full 3):
 PSYoungGen      total 570880K, used 531456K [0x000000076ab00000, 0x0000000792300000, 0x00000007c0000000)
  eden space 531456K, 100% used [0x000000076ab00000,0x000000078b200000,0x000000078b200000)
  from space 39424K, 0% used [0x000000078db00000,0x000000078db00000,0x0000000790180000)
  to   space 41984K, 0% used [0x000000078b200000,0x000000078b200000,0x000000078db00000)
 ParOldGen       total 271360K, used 62910K [0x00000006c0000000, 0x00000006d0900000, 0x000000076ab00000)
  object space 271360K, 23% used [0x00000006c0000000,0x00000006c3d6fab8,0x00000006d0900000)
 Metaspace       used 77616K, capacity 79138K, committed 79664K, reserved 1118208K
  class space    used 10381K, capacity 10745K, committed 10800K, reserved 1048576K
Event: 46.040 GC heap after
Heap after GC invocations=16 (full 3):
 PSYoungGen      total 573440K, used 39552K [0x000000076ab00000, 0x000000079a800000, 0x00000007c0000000)
  eden space 531456K, 0% used [0x000000076ab00000,0x000000076ab00000,0x000000078b200000)
  from space 41984K, 94% used [0x000000078b200000,0x000000078d8a0228,0x000000078db00000)
  to   space 47104K, 0% used [0x0000000797a00000,0x0000000797a00000,0x000000079a800000)
 ParOldGen       total 271360K, used 62918K [0x00000006c0000000, 0x00000006d0900000, 0x000000076ab00000)
  object space 271360K, 23% used [0x00000006c0000000,0x00000006c3d71ab8,0x00000006d0900000)
 Metaspace       used 77616K, capacity 79138K, committed 79664K, reserved 1118208K
  class space    used 10381K, capacity 10745K, committed 10800K, reserved 1048576K
}
Event: 46.342 GC heap before
{Heap before GC invocations=17 (full 3):
 PSYoungGen      total 573440K, used 102663K [0x000000076ab00000, 0x000000079a800000, 0x00000007c0000000)
  eden space 531456K, 11% used [0x000000076ab00000,0x000000076e8a1af8,0x000000078b200000)
  from space 41984K, 94% used [0x000000078b200000,0x000000078d8a0228,0x000000078db00000)
  to   space 47104K, 0% used [0x0000000797a00000,0x0000000797a00000,0x000000079a800000)
 ParOldGen       total 271360K, used 62918K [0x00000006c0000000, 0x00000006d0900000, 0x000000076ab00000)
  object space 271360K, 23% used [0x00000006c0000000,0x00000006c3d71ab8,0x00000006d0900000)
 Metaspace       used 78675K, capacity 80304K, committed 80560K, reserved 1118208K
  class space    used 10512K, capacity 10894K, committed 10928K, reserved 1048576K
Event: 46.363 GC heap after
Heap after GC invocations=17 (full 3):
 PSYoungGen      total 733184K, used 16881K [0x000000076ab00000, 0x000000079a500000, 0x00000007c0000000)
  eden space 689152K, 0% used [0x000000076ab00000,0x000000076ab00000,0x0000000794c00000)
  from space 44032K, 38% used [0x0000000797a00000,0x0000000798a7c4e0,0x000000079a500000)
  to   space 45568K, 0% used [0x0000000794c00000,0x0000000794c00000,0x0000000797880000)
 ParOldGen       total 271360K, used 62934K [0x00000006c0000000, 0x00000006d0900000, 0x000000076ab00000)
  object space 271360K, 23% used [0x00000006c0000000,0x00000006c3d75ab8,0x00000006d0900000)
 Metaspace       used 78675K, capacity 80304K, committed 80560K, reserved 1118208K
  class space    used 10512K, capacity 10894K, committed 10928K, reserved 1048576K
}
Event: 46.363 GC heap before
{Heap before GC invocations=18 (full 4):
 PSYoungGen      total 733184K, used 16881K [0x000000076ab00000, 0x000000079a500000, 0x00000007c0000000)
  eden space 689152K, 0% used [0x000000076ab00000,0x000000076ab00000,0x0000000794c00000)
  from space 44032K, 38% used [0x0000000797a00000,0x0000000798a7c4e0,0x000000079a500000)
  to   space 45568K, 0% used [0x0000000794c00000,0x0000000794c00000,0x0000000797880000)
 ParOldGen       total 271360K, used 62934K [0x00000006c0000000, 0x00000006d0900000, 0x000000076ab00000)
  object space 271360K, 23% used [0x00000006c0000000,0x00000006c3d75ab8,0x00000006d0900000)
 Metaspace       used 78675K, capacity 80304K, committed 80560K, reserved 1118208K
  class space    used 10512K, capacity 10894K, committed 10928K, reserved 1048576K
Event: 46.743 GC heap after
Heap after GC invocations=18 (full 4):
 PSYoungGen      total 733184K, used 0K [0x000000076ab00000, 0x000000079a500000, 0x00000007c0000000)
  eden space 689152K, 0% used [0x000000076ab00000,0x000000076ab00000,0x0000000794c00000)
  from space 44032K, 0% used [0x0000000797a00000,0x0000000797a00000,0x000000079a500000)
  to   space 45568K, 0% used [0x0000000794c00000,0x0000000794c00000,0x0000000797880000)
 ParOldGen       total 271360K, used 66906K [0x00000006c0000000, 0x00000006d0900000, 0x000000076ab00000)
  object space 271360K, 24% used [0x00000006c0000000,0x00000006c4156a88,0x00000006d0900000)
 Metaspace       used 78670K, capacity 80292K, committed 80560K, reserved 1118208K
  class space    used 10511K, capacity 10890K, committed 10928K, reserved 1048576K
}

